2015/03/08 23:58:51 [error] [exception.CHttpException.404] exception 'CHttpException' with message 'Unable to resolve the request "saludo/index".' in C:\wamp\www\yii\framework\web\CWebApplication.php:286
Stack trace:
#0 C:\wamp\www\yii\framework\web\CWebApplication.php(141): CWebApplication->runController('saludo/index')
#1 C:\wamp\www\yii\framework\base\CApplication.php(184): CWebApplication->processRequest()
#2 C:\wamp\www\yii\calabozo\index.php(13): CApplication->run()
#3 {main}
REQUEST_URI=/yii/calabozo/index.php?r=saludo/index
---
2015/03/09 00:05:20 [error] [exception.CException] exception 'CException' with message 'SaludoController cannot find the requested view "index".' in C:\wamp\www\yii\framework\web\CController.php:878
Stack trace:
#0 C:\wamp\www\yii\framework\web\CController.php(782): CController->renderPartial('index', Array, true)
#1 C:\wamp\www\yii\calabozo\protected\controllers\SaludoController.php(8): CController->render('index', Array)
#2 C:\wamp\www\yii\framework\web\actions\CInlineAction.php(49): SaludoController->actionIndex()
#3 C:\wamp\www\yii\framework\web\CController.php(308): CInlineAction->runWithParams(Array)
#4 C:\wamp\www\yii\framework\web\CController.php(286): CController->runAction(Object(CInlineAction))
#5 C:\wamp\www\yii\framework\web\CController.php(265): CController->runActionWithFilters(Object(CInlineAction), Array)
#6 C:\wamp\www\yii\framework\web\CWebApplication.php(282): CController->run('index')
#7 C:\wamp\www\yii\framework\web\CWebApplication.php(141): CWebApplication->runController('saludo/index')
#8 C:\wamp\www\yii\framework\base\CApplication.php(184): CWebApplication->processRequest()
#9 C:\wamp\www\yii\calabozo\index.php(13): CApplication->run()
#10 {main}
REQUEST_URI=/yii/calabozo/index.php?r=saludo/index
---
2015/03/09 00:28:40 [error] [exception.CHttpException.404] exception 'CHttpException' with message 'The system is unable to find the requested action "pillos".' in C:\wamp\www\yii\framework\web\CController.php:483
Stack trace:
#0 C:\wamp\www\yii\framework\web\CController.php(270): CController->missingAction('pillos')
#1 C:\wamp\www\yii\framework\web\CWebApplication.php(282): CController->run('pillos')
#2 C:\wamp\www\yii\framework\web\CWebApplication.php(141): CWebApplication->runController('saludo/pillos')
#3 C:\wamp\www\yii\framework\base\CApplication.php(184): CWebApplication->processRequest()
#4 C:\wamp\www\yii\calabozo\index.php(13): CApplication->run()
#5 {main}
REQUEST_URI=/yii/calabozo/index.php/saludo/pillos
HTTP_REFERER=http://localhost/yii/calabozo/
---
2015/03/09 00:29:17 [error] [exception.CHttpException.404] exception 'CHttpException' with message 'The system is unable to find the requested action "pillos".' in C:\wamp\www\yii\framework\web\CController.php:483
Stack trace:
#0 C:\wamp\www\yii\framework\web\CController.php(270): CController->missingAction('pillos')
#1 C:\wamp\www\yii\framework\web\CWebApplication.php(282): CController->run('pillos')
#2 C:\wamp\www\yii\framework\web\CWebApplication.php(141): CWebApplication->runController('saludo/pillos')
#3 C:\wamp\www\yii\framework\base\CApplication.php(184): CWebApplication->processRequest()
#4 C:\wamp\www\yii\calabozo\index.php(13): CApplication->run()
#5 {main}
REQUEST_URI=/yii/calabozo/index.php/saludo/pillos
HTTP_REFERER=http://localhost/yii/calabozo/
---
2015/03/09 00:29:18 [error] [exception.CHttpException.404] exception 'CHttpException' with message 'The system is unable to find the requested action "pillos".' in C:\wamp\www\yii\framework\web\CController.php:483
Stack trace:
#0 C:\wamp\www\yii\framework\web\CController.php(270): CController->missingAction('pillos')
#1 C:\wamp\www\yii\framework\web\CWebApplication.php(282): CController->run('pillos')
#2 C:\wamp\www\yii\framework\web\CWebApplication.php(141): CWebApplication->runController('saludo/pillos')
#3 C:\wamp\www\yii\framework\base\CApplication.php(184): CWebApplication->processRequest()
#4 C:\wamp\www\yii\calabozo\index.php(13): CApplication->run()
#5 {main}
REQUEST_URI=/yii/calabozo/index.php/saludo/pillos
HTTP_REFERER=http://localhost/yii/calabozo/
---
2015/03/10 21:59:51 [error] [exception.CHttpException.404] exception 'CHttpException' with message 'The system is unable to find the requested action "css".' in C:\wamp\www\yii\framework\web\CController.php:483
Stack trace:
#0 C:\wamp\www\yii\framework\web\CController.php(270): CController->missingAction('css')
#1 C:\wamp\www\yii\framework\web\CWebApplication.php(282): CController->run('css')
#2 C:\wamp\www\yii\framework\web\CWebApplication.php(141): CWebApplication->runController('login/css/style...')
#3 C:\wamp\www\yii\framework\base\CApplication.php(184): CWebApplication->processRequest()
#4 C:\wamp\www\yii\calabozo\index.php(13): CApplication->run()
#5 {main}
REQUEST_URI=/yii/calabozo/index.php/login/css/style.css
HTTP_REFERER=http://localhost/yii/calabozo/index.php/login/index
---
2015/03/10 21:59:51 [error] [exception.CHttpException.404] exception 'CHttpException' with message 'The system is unable to find the requested action "css".' in C:\wamp\www\yii\framework\web\CController.php:483
Stack trace:
#0 C:\wamp\www\yii\framework\web\CController.php(270): CController->missingAction('css')
#1 C:\wamp\www\yii\framework\web\CWebApplication.php(282): CController->run('css')
#2 C:\wamp\www\yii\framework\web\CWebApplication.php(141): CWebApplication->runController('login/css/image...')
#3 C:\wamp\www\yii\framework\base\CApplication.php(184): CWebApplication->processRequest()
#4 C:\wamp\www\yii\calabozo\index.php(13): CApplication->run()
#5 {main}
REQUEST_URI=/yii/calabozo/index.php/login/css/images/logo.gif
HTTP_REFERER=http://localhost/yii/calabozo/index.php/login/index
---
2015/03/10 22:00:18 [error] [exception.CHttpException.404] exception 'CHttpException' with message 'The system is unable to find the requested action "css".' in C:\wamp\www\yii\framework\web\CController.php:483
Stack trace:
#0 C:\wamp\www\yii\framework\web\CController.php(270): CController->missingAction('css')
#1 C:\wamp\www\yii\framework\web\CWebApplication.php(282): CController->run('css')
#2 C:\wamp\www\yii\framework\web\CWebApplication.php(141): CWebApplication->runController('login/css/style...')
#3 C:\wamp\www\yii\framework\base\CApplication.php(184): CWebApplication->processRequest()
#4 C:\wamp\www\yii\calabozo\index.php(13): CApplication->run()
#5 {main}
REQUEST_URI=/yii/calabozo/index.php/login/css/style.css
HTTP_REFERER=http://localhost/yii/calabozo/index.php/login/index
---
2015/03/10 22:02:27 [error] [exception.CHttpException.404] exception 'CHttpException' with message 'The system is unable to find the requested action "css".' in C:\wamp\www\yii\framework\web\CController.php:483
Stack trace:
#0 C:\wamp\www\yii\framework\web\CController.php(270): CController->missingAction('css')
#1 C:\wamp\www\yii\framework\web\CWebApplication.php(282): CController->run('css')
#2 C:\wamp\www\yii\framework\web\CWebApplication.php(141): CWebApplication->runController('login/css/estil...')
#3 C:\wamp\www\yii\framework\base\CApplication.php(184): CWebApplication->processRequest()
#4 C:\wamp\www\yii\calabozo\index.php(13): CApplication->run()
#5 {main}
REQUEST_URI=/yii/calabozo/index.php/login/css/estilos.css
HTTP_REFERER=http://localhost/yii/calabozo/index.php/login/index
---
2015/03/10 22:02:29 [error] [exception.CHttpException.404] exception 'CHttpException' with message 'The system is unable to find the requested action "css".' in C:\wamp\www\yii\framework\web\CController.php:483
Stack trace:
#0 C:\wamp\www\yii\framework\web\CController.php(270): CController->missingAction('css')
#1 C:\wamp\www\yii\framework\web\CWebApplication.php(282): CController->run('css')
#2 C:\wamp\www\yii\framework\web\CWebApplication.php(141): CWebApplication->runController('login/css/estil...')
#3 C:\wamp\www\yii\framework\base\CApplication.php(184): CWebApplication->processRequest()
#4 C:\wamp\www\yii\calabozo\index.php(13): CApplication->run()
#5 {main}
REQUEST_URI=/yii/calabozo/index.php/login/css/estilos.css
HTTP_REFERER=http://localhost/yii/calabozo/index.php/login/index
---
2015/03/10 22:23:30 [error] [exception.CHttpException.404] exception 'CHttpException' with message 'The system is unable to find the requested action "index.html".' in C:\wamp\www\yii\framework\web\CController.php:483
Stack trace:
#0 C:\wamp\www\yii\framework\web\CController.php(270): CController->missingAction('index.html')
#1 C:\wamp\www\yii\framework\web\CWebApplication.php(282): CController->run('index.html')
#2 C:\wamp\www\yii\framework\web\CWebApplication.php(141): CWebApplication->runController('login/index.htm...')
#3 C:\wamp\www\yii\framework\base\CApplication.php(184): CWebApplication->processRequest()
#4 C:\wamp\www\yii\calabozo\index.php(13): CApplication->run()
#5 {main}
REQUEST_URI=/yii/calabozo/index.php/login/index.html
HTTP_REFERER=http://localhost/yii/calabozo/index.php/login/index
---
2015/03/10 23:21:58 [error] [exception.CHttpException.404] exception 'CHttpException' with message 'The system is unable to find the requested action "index.html".' in C:\wamp\www\yii\framework\web\CController.php:483
Stack trace:
#0 C:\wamp\www\yii\framework\web\CController.php(270): CController->missingAction('index.html')
#1 C:\wamp\www\yii\framework\web\CWebApplication.php(282): CController->run('index.html')
#2 C:\wamp\www\yii\framework\web\CWebApplication.php(141): CWebApplication->runController('login/index.htm...')
#3 C:\wamp\www\yii\framework\base\CApplication.php(184): CWebApplication->processRequest()
#4 C:\wamp\www\yii\calabozo\index.php(13): CApplication->run()
#5 {main}
REQUEST_URI=/yii/calabozo/index.php/login/index.html
HTTP_REFERER=http://localhost/yii/calabozo/index.php/login/index
---
2015/03/10 23:22:10 [error] [exception.CHttpException.404] exception 'CHttpException' with message 'The system is unable to find the requested action "index.html".' in C:\wamp\www\yii\framework\web\CController.php:483
Stack trace:
#0 C:\wamp\www\yii\framework\web\CController.php(270): CController->missingAction('index.html')
#1 C:\wamp\www\yii\framework\web\CWebApplication.php(282): CController->run('index.html')
#2 C:\wamp\www\yii\framework\web\CWebApplication.php(141): CWebApplication->runController('login/index.htm...')
#3 C:\wamp\www\yii\framework\base\CApplication.php(184): CWebApplication->processRequest()
#4 C:\wamp\www\yii\calabozo\index.php(13): CApplication->run()
#5 {main}
REQUEST_URI=/yii/calabozo/index.php/login/index.html
HTTP_REFERER=http://localhost/yii/calabozo/index.php/login/index
---
2015/03/13 02:23:17 [error] [exception.CDbException] exception 'CDbException' with message 'CDbConnection failed to open the DB connection: SQLSTATE[42000] [1049] Unknown database 'testdrive'' in C:\wamp\www\Yii\yii\framework\db\CDbConnection.php:399
Stack trace:
#0 C:\wamp\www\Yii\yii\framework\db\CDbConnection.php(347): CDbConnection->open()
#1 C:\wamp\www\Yii\yii\framework\db\CDbConnection.php(325): CDbConnection->setActive(true)
#2 C:\wamp\www\Yii\yii\framework\base\CModule.php(394): CDbConnection->init()
#3 C:\wamp\www\Yii\yii\framework\base\CModule.php(103): CModule->getComponent('db')
#4 C:\wamp\www\Yii\yii\framework\gii\generators\model\ModelCode.php(60): CModule->__get('db')
#5 C:\wamp\www\Yii\yii\framework\web\CFormModel.php(39): ModelCode->init()
#6 C:\wamp\www\Yii\yii\framework\gii\CCodeGenerator.php(153): CFormModel->__construct()
#7 C:\wamp\www\Yii\yii\framework\gii\CCodeGenerator.php(63): CCodeGenerator->prepare()
#8 C:\wamp\www\Yii\yii\framework\web\actions\CInlineAction.php(49): CCodeGenerator->actionIndex()
#9 C:\wamp\www\Yii\yii\framework\web\CController.php(308): CInlineAction->runWithParams(Array)
#10 C:\wamp\www\Yii\yii\framework\web\CController.php(286): CController->runAction(Object(CInlineAction))
#11 C:\wamp\www\Yii\yii\framework\web\CController.php(265): CController->runActionWithFilters(Object(CInlineAction), Array)
#12 C:\wamp\www\Yii\yii\framework\web\CWebApplication.php(282): CController->run('index')
#13 C:\wamp\www\Yii\yii\framework\web\CWebApplication.php(141): CWebApplication->runController('gii/model/index')
#14 C:\wamp\www\Yii\yii\framework\base\CApplication.php(184): CWebApplication->processRequest()
#15 C:\wamp\www\Yii\yii\calabozo\index.php(13): CApplication->run()
#16 {main}
REQUEST_URI=/Yii/yii/calabozo/index.php/gii/model/index
HTTP_REFERER=http://localhost/Yii/yii/calabozo/index.php/gii
---
2015/03/13 03:16:22 [error] [exception.CHttpException.404] exception 'CHttpException' with message 'The system is unable to find the requested action "index.html".' in C:\wamp\www\Yii\yii\framework\web\CController.php:483
Stack trace:
#0 C:\wamp\www\Yii\yii\framework\web\CController.php(270): CController->missingAction('index.html')
#1 C:\wamp\www\Yii\yii\framework\web\CWebApplication.php(282): CController->run('index.html')
#2 C:\wamp\www\Yii\yii\framework\web\CWebApplication.php(141): CWebApplication->runController('login/index.htm...')
#3 C:\wamp\www\Yii\yii\framework\base\CApplication.php(184): CWebApplication->processRequest()
#4 C:\wamp\www\Yii\yii\calabozo\index.php(13): CApplication->run()
#5 {main}
REQUEST_URI=/Yii/yii/calabozo/index.php/login/index.html
HTTP_REFERER=http://localhost/Yii/yii/calabozo/index.php/login/index
---
2015/03/14 00:06:22 [error] [exception.CDbException] exception 'CDbException' with message 'CDbConnection failed to open the DB connection: SQLSTATE[42000] [1049] Unknown database 'testdrive'' in C:\wamp\www\Yii\yii\framework\db\CDbConnection.php:399
Stack trace:
#0 C:\wamp\www\Yii\yii\framework\db\CDbConnection.php(347): CDbConnection->open()
#1 C:\wamp\www\Yii\yii\framework\db\CDbConnection.php(325): CDbConnection->setActive(true)
#2 C:\wamp\www\Yii\yii\framework\base\CModule.php(394): CDbConnection->init()
#3 C:\wamp\www\Yii\yii\framework\base\CModule.php(103): CModule->getComponent('db')
#4 C:\wamp\www\Yii\yii\framework\gii\generators\model\ModelCode.php(60): CModule->__get('db')
#5 C:\wamp\www\Yii\yii\framework\web\CFormModel.php(39): ModelCode->init()
#6 C:\wamp\www\Yii\yii\framework\gii\CCodeGenerator.php(153): CFormModel->__construct()
#7 C:\wamp\www\Yii\yii\framework\gii\CCodeGenerator.php(63): CCodeGenerator->prepare()
#8 C:\wamp\www\Yii\yii\framework\web\actions\CInlineAction.php(49): CCodeGenerator->actionIndex()
#9 C:\wamp\www\Yii\yii\framework\web\CController.php(308): CInlineAction->runWithParams(Array)
#10 C:\wamp\www\Yii\yii\framework\web\CController.php(286): CController->runAction(Object(CInlineAction))
#11 C:\wamp\www\Yii\yii\framework\web\CController.php(265): CController->runActionWithFilters(Object(CInlineAction), Array)
#12 C:\wamp\www\Yii\yii\framework\web\CWebApplication.php(282): CController->run('index')
#13 C:\wamp\www\Yii\yii\framework\web\CWebApplication.php(141): CWebApplication->runController('gii/model/index')
#14 C:\wamp\www\Yii\yii\framework\base\CApplication.php(184): CWebApplication->processRequest()
#15 C:\wamp\www\Yii\yii\calabozo\index.php(13): CApplication->run()
#16 {main}
REQUEST_URI=/Yii/yii/calabozo/index.php/gii/model/index
HTTP_REFERER=http://localhost/Yii/yii/calabozo/index.php/gii/default/index
---
2015/03/15 14:45:55 [error] [php] date(): It is not safe to rely on the system's timezone settings. You are *required* to use the date.timezone setting or the date_default_timezone_set() function. In case you used any of those methods and you are still getting this warning, you most likely misspelled the timezone identifier. We selected the timezone 'UTC' for now, but please set date.timezone to select your timezone. (/var/www/html/Calabozo/calabozo/protected/views/layouts/main.php:53)
Stack trace:
#0 /var/www/html/Calabozo/Yiiframework/framework/web/CBaseController.php(95): SiteController->renderInternal()
#1 /var/www/html/Calabozo/Yiiframework/framework/web/widgets/CContentDecorator.php(76): SiteController->renderFile()
#2 /var/www/html/Calabozo/Yiiframework/framework/web/widgets/CContentDecorator.php(54): CContentDecorator->decorate()
#3 /var/www/html/Calabozo/Yiiframework/framework/web/widgets/COutputProcessor.php(44): CContentDecorator->processOutput()
#4 /var/www/html/Calabozo/Yiiframework/framework/web/CBaseController.php(214): CContentDecorator->run()
#5 /var/www/html/Calabozo/Yiiframework/framework/web/CBaseController.php(308): SiteController->endWidget()
#6 /var/www/html/Calabozo/calabozo/protected/views/layouts/column1.php(6): SiteController->endContent()
#7 /var/www/html/Calabozo/Yiiframework/framework/web/CBaseController.php(126): require()
#8 /var/www/html/Calabozo/Yiiframework/framework/web/CBaseController.php(95): SiteController->renderInternal()
#9 /var/www/html/Calabozo/Yiiframework/framework/web/CController.php(784): SiteController->renderFile()
#10 /var/www/html/Calabozo/calabozo/protected/controllers/SiteController.php(32): SiteController->render()
#11 /var/www/html/Calabozo/Yiiframework/framework/web/actions/CInlineAction.php(49): SiteController->actionIndex()
#12 /var/www/html/Calabozo/Yiiframework/framework/web/CController.php(308): CInlineAction->runWithParams()
#13 /var/www/html/Calabozo/Yiiframework/framework/web/CController.php(286): SiteController->runAction()
#14 /var/www/html/Calabozo/Yiiframework/framework/web/CController.php(265): SiteController->runActionWithFilters()
#15 /var/www/html/Calabozo/Yiiframework/framework/web/CWebApplication.php(282): SiteController->run()
#16 /var/www/html/Calabozo/Yiiframework/framework/web/CWebApplication.php(141): CWebApplication->runController()
#17 /var/www/html/Calabozo/Yiiframework/framework/base/CApplication.php(184): CWebApplication->processRequest()
#18 /var/www/html/Calabozo/calabozo/index.php(19): CWebApplication->run()
REQUEST_URI=/Calabozo/calabozo/
in /var/www/html/Calabozo/calabozo/protected/views/layouts/main.php (53)
in /var/www/html/Calabozo/calabozo/protected/views/layouts/column1.php (6)
in /var/www/html/Calabozo/calabozo/protected/controllers/SiteController.php (32)
2015/03/15 14:46:10 [error] [php] date(): It is not safe to rely on the system's timezone settings. You are *required* to use the date.timezone setting or the date_default_timezone_set() function. In case you used any of those methods and you are still getting this warning, you most likely misspelled the timezone identifier. We selected the timezone 'UTC' for now, but please set date.timezone to select your timezone. (/var/www/html/Calabozo/calabozo/protected/views/layouts/main.php:53)
Stack trace:
#0 /var/www/html/Calabozo/Yiiframework/framework/web/CBaseController.php(95): SiteController->renderInternal()
#1 /var/www/html/Calabozo/Yiiframework/framework/web/widgets/CContentDecorator.php(76): SiteController->renderFile()
#2 /var/www/html/Calabozo/Yiiframework/framework/web/widgets/CContentDecorator.php(54): CContentDecorator->decorate()
#3 /var/www/html/Calabozo/Yiiframework/framework/web/widgets/COutputProcessor.php(44): CContentDecorator->processOutput()
#4 /var/www/html/Calabozo/Yiiframework/framework/web/CBaseController.php(214): CContentDecorator->run()
#5 /var/www/html/Calabozo/Yiiframework/framework/web/CBaseController.php(308): SiteController->endWidget()
#6 /var/www/html/Calabozo/calabozo/protected/views/layouts/column1.php(6): SiteController->endContent()
#7 /var/www/html/Calabozo/Yiiframework/framework/web/CBaseController.php(126): require()
#8 /var/www/html/Calabozo/Yiiframework/framework/web/CBaseController.php(95): SiteController->renderInternal()
#9 /var/www/html/Calabozo/Yiiframework/framework/web/CController.php(784): SiteController->renderFile()
#10 /var/www/html/Calabozo/calabozo/protected/controllers/SiteController.php(32): SiteController->render()
#11 /var/www/html/Calabozo/Yiiframework/framework/web/actions/CInlineAction.php(49): SiteController->actionIndex()
#12 /var/www/html/Calabozo/Yiiframework/framework/web/CController.php(308): CInlineAction->runWithParams()
#13 /var/www/html/Calabozo/Yiiframework/framework/web/CController.php(286): SiteController->runAction()
#14 /var/www/html/Calabozo/Yiiframework/framework/web/CController.php(265): SiteController->runActionWithFilters()
#15 /var/www/html/Calabozo/Yiiframework/framework/web/CWebApplication.php(282): SiteController->run()
#16 /var/www/html/Calabozo/Yiiframework/framework/web/CWebApplication.php(141): CWebApplication->runController()
#17 /var/www/html/Calabozo/Yiiframework/framework/base/CApplication.php(184): CWebApplication->processRequest()
#18 /var/www/html/Calabozo/calabozo/index.php(19): CWebApplication->run()
REQUEST_URI=/Calabozo/calabozo/index.php
in /var/www/html/Calabozo/calabozo/protected/views/layouts/main.php (53)
in /var/www/html/Calabozo/calabozo/protected/views/layouts/column1.php (6)
in /var/www/html/Calabozo/calabozo/protected/controllers/SiteController.php (32)
2015/03/15 14:46:11 [error] [php] date(): It is not safe to rely on the system's timezone settings. You are *required* to use the date.timezone setting or the date_default_timezone_set() function. In case you used any of those methods and you are still getting this warning, you most likely misspelled the timezone identifier. We selected the timezone 'UTC' for now, but please set date.timezone to select your timezone. (/var/www/html/Calabozo/calabozo/protected/views/layouts/main.php:53)
Stack trace:
#0 /var/www/html/Calabozo/Yiiframework/framework/web/CBaseController.php(95): SiteController->renderInternal()
#1 /var/www/html/Calabozo/Yiiframework/framework/web/widgets/CContentDecorator.php(76): SiteController->renderFile()
#2 /var/www/html/Calabozo/Yiiframework/framework/web/widgets/CContentDecorator.php(54): CContentDecorator->decorate()
#3 /var/www/html/Calabozo/Yiiframework/framework/web/widgets/COutputProcessor.php(44): CContentDecorator->processOutput()
#4 /var/www/html/Calabozo/Yiiframework/framework/web/CBaseController.php(214): CContentDecorator->run()
#5 /var/www/html/Calabozo/Yiiframework/framework/web/CBaseController.php(308): SiteController->endWidget()
#6 /var/www/html/Calabozo/calabozo/protected/views/layouts/column1.php(6): SiteController->endContent()
#7 /var/www/html/Calabozo/Yiiframework/framework/web/CBaseController.php(126): require()
#8 /var/www/html/Calabozo/Yiiframework/framework/web/CBaseController.php(95): SiteController->renderInternal()
#9 /var/www/html/Calabozo/Yiiframework/framework/web/CController.php(784): SiteController->renderFile()
#10 /var/www/html/Calabozo/calabozo/protected/controllers/SiteController.php(32): SiteController->render()
#11 /var/www/html/Calabozo/Yiiframework/framework/web/actions/CInlineAction.php(49): SiteController->actionIndex()
#12 /var/www/html/Calabozo/Yiiframework/framework/web/CController.php(308): CInlineAction->runWithParams()
#13 /var/www/html/Calabozo/Yiiframework/framework/web/CController.php(286): SiteController->runAction()
#14 /var/www/html/Calabozo/Yiiframework/framework/web/CController.php(265): SiteController->runActionWithFilters()
#15 /var/www/html/Calabozo/Yiiframework/framework/web/CWebApplication.php(282): SiteController->run()
#16 /var/www/html/Calabozo/Yiiframework/framework/web/CWebApplication.php(141): CWebApplication->runController()
#17 /var/www/html/Calabozo/Yiiframework/framework/base/CApplication.php(184): CWebApplication->processRequest()
#18 /var/www/html/Calabozo/calabozo/index.php(19): CWebApplication->run()
REQUEST_URI=/Calabozo/calabozo/index.php
in /var/www/html/Calabozo/calabozo/protected/views/layouts/main.php (53)
in /var/www/html/Calabozo/calabozo/protected/views/layouts/column1.php (6)
in /var/www/html/Calabozo/calabozo/protected/controllers/SiteController.php (32)
2015/03/15 15:00:50 [error] [php] date(): It is not safe to rely on the system's timezone settings. You are *required* to use the date.timezone setting or the date_default_timezone_set() function. In case you used any of those methods and you are still getting this warning, you most likely misspelled the timezone identifier. We selected the timezone 'UTC' for now, but please set date.timezone to select your timezone. (/var/www/html/Calabozo/calabozo/protected/views/layouts/main.php:53)
Stack trace:
#0 /var/www/html/Calabozo/Yiiframework/framework/web/CBaseController.php(95): SiteController->renderInternal()
#1 /var/www/html/Calabozo/Yiiframework/framework/web/widgets/CContentDecorator.php(76): SiteController->renderFile()
#2 /var/www/html/Calabozo/Yiiframework/framework/web/widgets/CContentDecorator.php(54): CContentDecorator->decorate()
#3 /var/www/html/Calabozo/Yiiframework/framework/web/widgets/COutputProcessor.php(44): CContentDecorator->processOutput()
#4 /var/www/html/Calabozo/Yiiframework/framework/web/CBaseController.php(214): CContentDecorator->run()
#5 /var/www/html/Calabozo/Yiiframework/framework/web/CBaseController.php(308): SiteController->endWidget()
#6 /var/www/html/Calabozo/calabozo/protected/views/layouts/column1.php(6): SiteController->endContent()
#7 /var/www/html/Calabozo/Yiiframework/framework/web/CBaseController.php(126): require()
#8 /var/www/html/Calabozo/Yiiframework/framework/web/CBaseController.php(95): SiteController->renderInternal()
#9 /var/www/html/Calabozo/Yiiframework/framework/web/CController.php(784): SiteController->renderFile()
#10 /var/www/html/Calabozo/calabozo/protected/controllers/SiteController.php(32): SiteController->render()
#11 /var/www/html/Calabozo/Yiiframework/framework/web/actions/CInlineAction.php(49): SiteController->actionIndex()
#12 /var/www/html/Calabozo/Yiiframework/framework/web/CController.php(308): CInlineAction->runWithParams()
#13 /var/www/html/Calabozo/Yiiframework/framework/web/CController.php(286): SiteController->runAction()
#14 /var/www/html/Calabozo/Yiiframework/framework/web/CController.php(265): SiteController->runActionWithFilters()
#15 /var/www/html/Calabozo/Yiiframework/framework/web/CWebApplication.php(282): SiteController->run()
#16 /var/www/html/Calabozo/Yiiframework/framework/web/CWebApplication.php(141): CWebApplication->runController()
#17 /var/www/html/Calabozo/Yiiframework/framework/base/CApplication.php(184): CWebApplication->processRequest()
#18 /var/www/html/Calabozo/calabozo/index.php(19): CWebApplication->run()
REQUEST_URI=/Calabozo/calabozo/index.php
in /var/www/html/Calabozo/calabozo/protected/views/layouts/main.php (53)
in /var/www/html/Calabozo/calabozo/protected/views/layouts/column1.php (6)
in /var/www/html/Calabozo/calabozo/protected/controllers/SiteController.php (32)
2015/03/15 15:07:48 [error] [php] date(): It is not safe to rely on the system's timezone settings. You are *required* to use the date.timezone setting or the date_default_timezone_set() function. In case you used any of those methods and you are still getting this warning, you most likely misspelled the timezone identifier. We selected the timezone 'UTC' for now, but please set date.timezone to select your timezone. (/var/www/html/Calabozo/calabozo/protected/views/layouts/main.php:53)
Stack trace:
#0 /var/www/html/Calabozo/Yiiframework/framework/web/CBaseController.php(95): SiteController->renderInternal()
#1 /var/www/html/Calabozo/Yiiframework/framework/web/widgets/CContentDecorator.php(76): SiteController->renderFile()
#2 /var/www/html/Calabozo/Yiiframework/framework/web/widgets/CContentDecorator.php(54): CContentDecorator->decorate()
#3 /var/www/html/Calabozo/Yiiframework/framework/web/widgets/COutputProcessor.php(44): CContentDecorator->processOutput()
#4 /var/www/html/Calabozo/Yiiframework/framework/web/CBaseController.php(214): CContentDecorator->run()
#5 /var/www/html/Calabozo/Yiiframework/framework/web/CBaseController.php(308): SiteController->endWidget()
#6 /var/www/html/Calabozo/calabozo/protected/views/layouts/column1.php(6): SiteController->endContent()
#7 /var/www/html/Calabozo/Yiiframework/framework/web/CBaseController.php(126): require()
#8 /var/www/html/Calabozo/Yiiframework/framework/web/CBaseController.php(95): SiteController->renderInternal()
#9 /var/www/html/Calabozo/Yiiframework/framework/web/CController.php(784): SiteController->renderFile()
#10 /var/www/html/Calabozo/calabozo/protected/controllers/SiteController.php(32): SiteController->render()
#11 /var/www/html/Calabozo/Yiiframework/framework/web/actions/CInlineAction.php(49): SiteController->actionIndex()
#12 /var/www/html/Calabozo/Yiiframework/framework/web/CController.php(308): CInlineAction->runWithParams()
#13 /var/www/html/Calabozo/Yiiframework/framework/web/CController.php(286): SiteController->runAction()
#14 /var/www/html/Calabozo/Yiiframework/framework/web/CController.php(265): SiteController->runActionWithFilters()
#15 /var/www/html/Calabozo/Yiiframework/framework/web/CWebApplication.php(282): SiteController->run()
#16 /var/www/html/Calabozo/Yiiframework/framework/web/CWebApplication.php(141): CWebApplication->runController()
#17 /var/www/html/Calabozo/Yiiframework/framework/base/CApplication.php(184): CWebApplication->processRequest()
#18 /var/www/html/Calabozo/calabozo/index.php(19): CWebApplication->run()
REQUEST_URI=/Calabozo/calabozo/index.php/site/index
in /var/www/html/Calabozo/calabozo/protected/views/layouts/main.php (53)
in /var/www/html/Calabozo/calabozo/protected/views/layouts/column1.php (6)
in /var/www/html/Calabozo/calabozo/protected/controllers/SiteController.php (32)
2015/03/15 15:07:49 [error] [php] date(): It is not safe to rely on the system's timezone settings. You are *required* to use the date.timezone setting or the date_default_timezone_set() function. In case you used any of those methods and you are still getting this warning, you most likely misspelled the timezone identifier. We selected the timezone 'UTC' for now, but please set date.timezone to select your timezone. (/var/www/html/Calabozo/calabozo/protected/views/layouts/main.php:53)
Stack trace:
#0 /var/www/html/Calabozo/Yiiframework/framework/web/CBaseController.php(95): SiteController->renderInternal()
#1 /var/www/html/Calabozo/Yiiframework/framework/web/widgets/CContentDecorator.php(76): SiteController->renderFile()
#2 /var/www/html/Calabozo/Yiiframework/framework/web/widgets/CContentDecorator.php(54): CContentDecorator->decorate()
#3 /var/www/html/Calabozo/Yiiframework/framework/web/widgets/COutputProcessor.php(44): CContentDecorator->processOutput()
#4 /var/www/html/Calabozo/Yiiframework/framework/web/CBaseController.php(214): CContentDecorator->run()
#5 /var/www/html/Calabozo/Yiiframework/framework/web/CBaseController.php(308): SiteController->endWidget()
#6 /var/www/html/Calabozo/calabozo/protected/views/layouts/column1.php(6): SiteController->endContent()
#7 /var/www/html/Calabozo/Yiiframework/framework/web/CBaseController.php(126): require()
#8 /var/www/html/Calabozo/Yiiframework/framework/web/CBaseController.php(95): SiteController->renderInternal()
#9 /var/www/html/Calabozo/Yiiframework/framework/web/CController.php(784): SiteController->renderFile()
#10 /var/www/html/Calabozo/calabozo/protected/controllers/SiteController.php(72): SiteController->render()
#11 /var/www/html/Calabozo/Yiiframework/framework/web/actions/CInlineAction.php(49): SiteController->actionContact()
#12 /var/www/html/Calabozo/Yiiframework/framework/web/CController.php(308): CInlineAction->runWithParams()
#13 /var/www/html/Calabozo/Yiiframework/framework/web/CController.php(286): SiteController->runAction()
#14 /var/www/html/Calabozo/Yiiframework/framework/web/CController.php(265): SiteController->runActionWithFilters()
#15 /var/www/html/Calabozo/Yiiframework/framework/web/CWebApplication.php(282): SiteController->run()
#16 /var/www/html/Calabozo/Yiiframework/framework/web/CWebApplication.php(141): CWebApplication->runController()
#17 /var/www/html/Calabozo/Yiiframework/framework/base/CApplication.php(184): CWebApplication->processRequest()
#18 /var/www/html/Calabozo/calabozo/index.php(19): CWebApplication->run()
REQUEST_URI=/Calabozo/calabozo/index.php/site/contact
in /var/www/html/Calabozo/calabozo/protected/views/layouts/main.php (53)
in /var/www/html/Calabozo/calabozo/protected/views/layouts/column1.php (6)
in /var/www/html/Calabozo/calabozo/protected/controllers/SiteController.php (72)
2015/03/15 15:07:49 [error] [php] date(): It is not safe to rely on the system's timezone settings. You are *required* to use the date.timezone setting or the date_default_timezone_set() function. In case you used any of those methods and you are still getting this warning, you most likely misspelled the timezone identifier. We selected the timezone 'UTC' for now, but please set date.timezone to select your timezone. (/var/www/html/Calabozo/calabozo/protected/views/layouts/main.php:53)
Stack trace:
#0 /var/www/html/Calabozo/Yiiframework/framework/web/CBaseController.php(95): SaludoController->renderInternal()
#1 /var/www/html/Calabozo/Yiiframework/framework/web/widgets/CContentDecorator.php(76): SaludoController->renderFile()
#2 /var/www/html/Calabozo/Yiiframework/framework/web/widgets/CContentDecorator.php(54): CContentDecorator->decorate()
#3 /var/www/html/Calabozo/Yiiframework/framework/web/widgets/COutputProcessor.php(44): CContentDecorator->processOutput()
#4 /var/www/html/Calabozo/Yiiframework/framework/web/CBaseController.php(214): CContentDecorator->run()
#5 /var/www/html/Calabozo/Yiiframework/framework/web/CBaseController.php(308): SaludoController->endWidget()
#6 /var/www/html/Calabozo/calabozo/protected/views/layouts/column1.php(6): SaludoController->endContent()
#7 /var/www/html/Calabozo/Yiiframework/framework/web/CBaseController.php(126): require()
#8 /var/www/html/Calabozo/Yiiframework/framework/web/CBaseController.php(95): SaludoController->renderInternal()
#9 /var/www/html/Calabozo/Yiiframework/framework/web/CController.php(784): SaludoController->renderFile()
#10 /var/www/html/Calabozo/calabozo/protected/controllers/SaludoController.php(8): SaludoController->render()
#11 /var/www/html/Calabozo/Yiiframework/framework/web/actions/CInlineAction.php(49): SaludoController->actionIndex()
#12 /var/www/html/Calabozo/Yiiframework/framework/web/CController.php(308): CInlineAction->runWithParams()
#13 /var/www/html/Calabozo/Yiiframework/framework/web/CController.php(286): SaludoController->runAction()
#14 /var/www/html/Calabozo/Yiiframework/framework/web/CController.php(265): SaludoController->runActionWithFilters()
#15 /var/www/html/Calabozo/Yiiframework/framework/web/CWebApplication.php(282): SaludoController->run()
#16 /var/www/html/Calabozo/Yiiframework/framework/web/CWebApplication.php(141): CWebApplication->runController()
#17 /var/www/html/Calabozo/Yiiframework/framework/base/CApplication.php(184): CWebApplication->processRequest()
#18 /var/www/html/Calabozo/calabozo/index.php(19): CWebApplication->run()
REQUEST_URI=/Calabozo/calabozo/index.php/saludo/index
in /var/www/html/Calabozo/calabozo/protected/views/layouts/main.php (53)
in /var/www/html/Calabozo/calabozo/protected/views/layouts/column1.php (6)
in /var/www/html/Calabozo/calabozo/protected/controllers/SaludoController.php (8)
2015/03/15 15:07:50 [error] [php] date(): It is not safe to rely on the system's timezone settings. You are *required* to use the date.timezone setting or the date_default_timezone_set() function. In case you used any of those methods and you are still getting this warning, you most likely misspelled the timezone identifier. We selected the timezone 'UTC' for now, but please set date.timezone to select your timezone. (/var/www/html/Calabozo/calabozo/protected/views/layouts/main.php:53)
Stack trace:
#0 /var/www/html/Calabozo/Yiiframework/framework/web/CBaseController.php(95): LoginController->renderInternal()
#1 /var/www/html/Calabozo/Yiiframework/framework/web/widgets/CContentDecorator.php(76): LoginController->renderFile()
#2 /var/www/html/Calabozo/Yiiframework/framework/web/widgets/CContentDecorator.php(54): CContentDecorator->decorate()
#3 /var/www/html/Calabozo/Yiiframework/framework/web/widgets/COutputProcessor.php(44): CContentDecorator->processOutput()
#4 /var/www/html/Calabozo/Yiiframework/framework/web/CBaseController.php(214): CContentDecorator->run()
#5 /var/www/html/Calabozo/Yiiframework/framework/web/CBaseController.php(308): LoginController->endWidget()
#6 /var/www/html/Calabozo/calabozo/protected/views/layouts/column1.php(6): LoginController->endContent()
#7 /var/www/html/Calabozo/Yiiframework/framework/web/CBaseController.php(126): require()
#8 /var/www/html/Calabozo/Yiiframework/framework/web/CBaseController.php(95): LoginController->renderInternal()
#9 /var/www/html/Calabozo/Yiiframework/framework/web/CController.php(784): LoginController->renderFile()
#10 /var/www/html/Calabozo/calabozo/protected/controllers/LoginController.php(7): LoginController->render()
#11 /var/www/html/Calabozo/Yiiframework/framework/web/actions/CInlineAction.php(49): LoginController->actionIndex()
#12 /var/www/html/Calabozo/Yiiframework/framework/web/CController.php(308): CInlineAction->runWithParams()
#13 /var/www/html/Calabozo/Yiiframework/framework/web/CController.php(286): LoginController->runAction()
#14 /var/www/html/Calabozo/Yiiframework/framework/web/CController.php(265): LoginController->runActionWithFilters()
#15 /var/www/html/Calabozo/Yiiframework/framework/web/CWebApplication.php(282): LoginController->run()
#16 /var/www/html/Calabozo/Yiiframework/framework/web/CWebApplication.php(141): CWebApplication->runController()
#17 /var/www/html/Calabozo/Yiiframework/framework/base/CApplication.php(184): CWebApplication->processRequest()
#18 /var/www/html/Calabozo/calabozo/index.php(19): CWebApplication->run()
REQUEST_URI=/Calabozo/calabozo/index.php/login/index
in /var/www/html/Calabozo/calabozo/protected/views/layouts/main.php (53)
in /var/www/html/Calabozo/calabozo/protected/views/layouts/column1.php (6)
in /var/www/html/Calabozo/calabozo/protected/controllers/LoginController.php (7)
2015/03/15 15:24:40 [error] [php] date(): It is not safe to rely on the system's timezone settings. You are *required* to use the date.timezone setting or the date_default_timezone_set() function. In case you used any of those methods and you are still getting this warning, you most likely misspelled the timezone identifier. We selected the timezone 'UTC' for now, but please set date.timezone to select your timezone. (/var/www/html/Calabozo/calabozo/protected/views/layouts/main.php:53)
Stack trace:
#0 /var/www/html/Calabozo/Yiiframework/framework/web/CBaseController.php(95): LoginController->renderInternal()
#1 /var/www/html/Calabozo/Yiiframework/framework/web/widgets/CContentDecorator.php(76): LoginController->renderFile()
#2 /var/www/html/Calabozo/Yiiframework/framework/web/widgets/CContentDecorator.php(54): CContentDecorator->decorate()
#3 /var/www/html/Calabozo/Yiiframework/framework/web/widgets/COutputProcessor.php(44): CContentDecorator->processOutput()
#4 /var/www/html/Calabozo/Yiiframework/framework/web/CBaseController.php(214): CContentDecorator->run()
#5 /var/www/html/Calabozo/Yiiframework/framework/web/CBaseController.php(308): LoginController->endWidget()
#6 /var/www/html/Calabozo/calabozo/protected/views/layouts/column1.php(6): LoginController->endContent()
#7 /var/www/html/Calabozo/Yiiframework/framework/web/CBaseController.php(126): require()
#8 /var/www/html/Calabozo/Yiiframework/framework/web/CBaseController.php(95): LoginController->renderInternal()
#9 /var/www/html/Calabozo/Yiiframework/framework/web/CController.php(784): LoginController->renderFile()
#10 /var/www/html/Calabozo/calabozo/protected/controllers/LoginController.php(7): LoginController->render()
#11 /var/www/html/Calabozo/Yiiframework/framework/web/actions/CInlineAction.php(49): LoginController->actionIndex()
#12 /var/www/html/Calabozo/Yiiframework/framework/web/CController.php(308): CInlineAction->runWithParams()
#13 /var/www/html/Calabozo/Yiiframework/framework/web/CController.php(286): LoginController->runAction()
#14 /var/www/html/Calabozo/Yiiframework/framework/web/CController.php(265): LoginController->runActionWithFilters()
#15 /var/www/html/Calabozo/Yiiframework/framework/web/CWebApplication.php(282): LoginController->run()
#16 /var/www/html/Calabozo/Yiiframework/framework/web/CWebApplication.php(141): CWebApplication->runController()
#17 /var/www/html/Calabozo/Yiiframework/framework/base/CApplication.php(184): CWebApplication->processRequest()
#18 /var/www/html/Calabozo/calabozo/index.php(19): CWebApplication->run()
REQUEST_URI=/Calabozo/calabozo/index.php/login/index
in /var/www/html/Calabozo/calabozo/protected/views/layouts/main.php (53)
in /var/www/html/Calabozo/calabozo/protected/views/layouts/column1.php (6)
in /var/www/html/Calabozo/calabozo/protected/controllers/LoginController.php (7)
2015/03/15 15:24:42 [error] [php] date(): It is not safe to rely on the system's timezone settings. You are *required* to use the date.timezone setting or the date_default_timezone_set() function. In case you used any of those methods and you are still getting this warning, you most likely misspelled the timezone identifier. We selected the timezone 'UTC' for now, but please set date.timezone to select your timezone. (/var/www/html/Calabozo/calabozo/protected/views/layouts/main.php:53)
Stack trace:
#0 /var/www/html/Calabozo/Yiiframework/framework/web/CBaseController.php(95): LoginController->renderInternal()
#1 /var/www/html/Calabozo/Yiiframework/framework/web/widgets/CContentDecorator.php(76): LoginController->renderFile()
#2 /var/www/html/Calabozo/Yiiframework/framework/web/widgets/CContentDecorator.php(54): CContentDecorator->decorate()
#3 /var/www/html/Calabozo/Yiiframework/framework/web/widgets/COutputProcessor.php(44): CContentDecorator->processOutput()
#4 /var/www/html/Calabozo/Yiiframework/framework/web/CBaseController.php(214): CContentDecorator->run()
#5 /var/www/html/Calabozo/Yiiframework/framework/web/CBaseController.php(308): LoginController->endWidget()
#6 /var/www/html/Calabozo/calabozo/protected/views/layouts/column1.php(6): LoginController->endContent()
#7 /var/www/html/Calabozo/Yiiframework/framework/web/CBaseController.php(126): require()
#8 /var/www/html/Calabozo/Yiiframework/framework/web/CBaseController.php(95): LoginController->renderInternal()
#9 /var/www/html/Calabozo/Yiiframework/framework/web/CController.php(784): LoginController->renderFile()
#10 /var/www/html/Calabozo/calabozo/protected/controllers/LoginController.php(7): LoginController->render()
#11 /var/www/html/Calabozo/Yiiframework/framework/web/actions/CInlineAction.php(49): LoginController->actionIndex()
#12 /var/www/html/Calabozo/Yiiframework/framework/web/CController.php(308): CInlineAction->runWithParams()
#13 /var/www/html/Calabozo/Yiiframework/framework/web/CController.php(286): LoginController->runAction()
#14 /var/www/html/Calabozo/Yiiframework/framework/web/CController.php(265): LoginController->runActionWithFilters()
#15 /var/www/html/Calabozo/Yiiframework/framework/web/CWebApplication.php(282): LoginController->run()
#16 /var/www/html/Calabozo/Yiiframework/framework/web/CWebApplication.php(141): CWebApplication->runController()
#17 /var/www/html/Calabozo/Yiiframework/framework/base/CApplication.php(184): CWebApplication->processRequest()
#18 /var/www/html/Calabozo/calabozo/index.php(19): CWebApplication->run()
REQUEST_URI=/Calabozo/calabozo/index.php/login/index
in /var/www/html/Calabozo/calabozo/protected/views/layouts/main.php (53)
in /var/www/html/Calabozo/calabozo/protected/views/layouts/column1.php (6)
in /var/www/html/Calabozo/calabozo/protected/controllers/LoginController.php (7)
2015/03/15 12:13:00 [error] [exception.CHttpException.404] exception 'CHttpException' with message 'The system is unable to find the requested action "index.html".' in /var/www/html/Calabozo/Yiiframework/framework/web/CController.php:483
Stack trace:
#0 /var/www/html/Calabozo/Yiiframework/framework/web/CController.php(270): CController->missingAction('index.html')
#1 /var/www/html/Calabozo/Yiiframework/framework/web/CWebApplication.php(282): CController->run('index.html')
#2 /var/www/html/Calabozo/Yiiframework/framework/web/CWebApplication.php(141): CWebApplication->runController('login/index.htm...')
#3 /var/www/html/Calabozo/Yiiframework/framework/base/CApplication.php(184): CWebApplication->processRequest()
#4 /var/www/html/Calabozo/calabozo/index.php(19): CApplication->run()
#5 {main}
REQUEST_URI=/Calabozo/calabozo/index.php/login/index.html
HTTP_REFERER=http://localhost/Calabozo/calabozo/index.php/login/index
---
2015/03/15 12:15:02 [error] [exception.CHttpException.404] exception 'CHttpException' with message 'The system is unable to find the requested action "index.html".' in /var/www/html/Calabozo/Yiiframework/framework/web/CController.php:483
Stack trace:
#0 /var/www/html/Calabozo/Yiiframework/framework/web/CController.php(270): CController->missingAction('index.html')
#1 /var/www/html/Calabozo/Yiiframework/framework/web/CWebApplication.php(282): CController->run('index.html')
#2 /var/www/html/Calabozo/Yiiframework/framework/web/CWebApplication.php(141): CWebApplication->runController('login/index.htm...')
#3 /var/www/html/Calabozo/Yiiframework/framework/base/CApplication.php(184): CWebApplication->processRequest()
#4 /var/www/html/Calabozo/calabozo/index.php(19): CApplication->run()
#5 {main}
REQUEST_URI=/Calabozo/calabozo/index.php/login/index.html
HTTP_REFERER=http://localhost/Calabozo/calabozo/index.php/login/index
---
2015/03/15 12:15:06 [error] [exception.CHttpException.404] exception 'CHttpException' with message 'The system is unable to find the requested action "index.html".' in /var/www/html/Calabozo/Yiiframework/framework/web/CController.php:483
Stack trace:
#0 /var/www/html/Calabozo/Yiiframework/framework/web/CController.php(270): CController->missingAction('index.html')
#1 /var/www/html/Calabozo/Yiiframework/framework/web/CWebApplication.php(282): CController->run('index.html')
#2 /var/www/html/Calabozo/Yiiframework/framework/web/CWebApplication.php(141): CWebApplication->runController('login/index.htm...')
#3 /var/www/html/Calabozo/Yiiframework/framework/base/CApplication.php(184): CWebApplication->processRequest()
#4 /var/www/html/Calabozo/calabozo/index.php(19): CApplication->run()
#5 {main}
REQUEST_URI=/Calabozo/calabozo/index.php/login/index.html
HTTP_REFERER=http://localhost/Calabozo/calabozo/index.php/login/index
---
2015/03/15 12:18:10 [error] [exception.CHttpException.404] exception 'CHttpException' with message 'The system is unable to find the requested action "index.html".' in /var/www/html/Calabozo/Yiiframework/framework/web/CController.php:483
Stack trace:
#0 /var/www/html/Calabozo/Yiiframework/framework/web/CController.php(270): CController->missingAction('index.html')
#1 /var/www/html/Calabozo/Yiiframework/framework/web/CWebApplication.php(282): CController->run('index.html')
#2 /var/www/html/Calabozo/Yiiframework/framework/web/CWebApplication.php(141): CWebApplication->runController('login/index.htm...')
#3 /var/www/html/Calabozo/Yiiframework/framework/base/CApplication.php(184): CWebApplication->processRequest()
#4 /var/www/html/Calabozo/calabozo/index.php(19): CApplication->run()
#5 {main}
REQUEST_URI=/Calabozo/calabozo/index.php/login/index.html
HTTP_REFERER=http://localhost/Calabozo/calabozo/index.php/login/index
---
2015/03/15 12:18:21 [error] [exception.CHttpException.404] exception 'CHttpException' with message 'The system is unable to find the requested action "index.html".' in /var/www/html/Calabozo/Yiiframework/framework/web/CController.php:483
Stack trace:
#0 /var/www/html/Calabozo/Yiiframework/framework/web/CController.php(270): CController->missingAction('index.html')
#1 /var/www/html/Calabozo/Yiiframework/framework/web/CWebApplication.php(282): CController->run('index.html')
#2 /var/www/html/Calabozo/Yiiframework/framework/web/CWebApplication.php(141): CWebApplication->runController('login/index.htm...')
#3 /var/www/html/Calabozo/Yiiframework/framework/base/CApplication.php(184): CWebApplication->processRequest()
#4 /var/www/html/Calabozo/calabozo/index.php(19): CApplication->run()
#5 {main}
REQUEST_URI=/Calabozo/calabozo/index.php/login/index.html
HTTP_REFERER=http://localhost/Calabozo/calabozo/index.php/login/index
---
2015/03/15 12:18:47 [error] [exception.CHttpException.404] exception 'CHttpException' with message 'The system is unable to find the requested action "index.html".' in /var/www/html/Calabozo/Yiiframework/framework/web/CController.php:483
Stack trace:
#0 /var/www/html/Calabozo/Yiiframework/framework/web/CController.php(270): CController->missingAction('index.html')
#1 /var/www/html/Calabozo/Yiiframework/framework/web/CWebApplication.php(282): CController->run('index.html')
#2 /var/www/html/Calabozo/Yiiframework/framework/web/CWebApplication.php(141): CWebApplication->runController('login/index.htm...')
#3 /var/www/html/Calabozo/Yiiframework/framework/base/CApplication.php(184): CWebApplication->processRequest()
#4 /var/www/html/Calabozo/calabozo/index.php(19): CApplication->run()
#5 {main}
REQUEST_URI=/Calabozo/calabozo/index.php/login/index.html
HTTP_REFERER=http://localhost/Calabozo/calabozo/index.php/login/index
---
2015/03/15 12:26:01 [error] [exception.CHttpException.404] exception 'CHttpException' with message 'Unable to resolve the request "Juegos".' in /var/www/html/Calabozo/Yiiframework/framework/web/CWebApplication.php:286
Stack trace:
#0 /var/www/html/Calabozo/Yiiframework/framework/web/CWebApplication.php(141): CWebApplication->runController('Juegos')
#1 /var/www/html/Calabozo/Yiiframework/framework/base/CApplication.php(184): CWebApplication->processRequest()
#2 /var/www/html/Calabozo/calabozo/index.php(19): CApplication->run()
#3 {main}
REQUEST_URI=/Calabozo/calabozo/index.php/Juegos
---
2015/03/15 12:26:29 [error] [exception.CHttpException.404] exception 'CHttpException' with message 'Unable to resolve the request "Productos".' in /var/www/html/Calabozo/Yiiframework/framework/web/CWebApplication.php:286
Stack trace:
#0 /var/www/html/Calabozo/Yiiframework/framework/web/CWebApplication.php(141): CWebApplication->runController('Productos')
#1 /var/www/html/Calabozo/Yiiframework/framework/base/CApplication.php(184): CWebApplication->processRequest()
#2 /var/www/html/Calabozo/calabozo/index.php(19): CApplication->run()
#3 {main}
REQUEST_URI=/Calabozo/calabozo/index.php/Productos
---
2015/03/15 12:33:55 [error] [exception.CHttpException.404] exception 'CHttpException' with message 'The system is unable to find the requested action "comprar.html".' in /var/www/html/Calabozo/Yiiframework/framework/web/CController.php:483
Stack trace:
#0 /var/www/html/Calabozo/Yiiframework/framework/web/CController.php(270): CController->missingAction('comprar.html')
#1 /var/www/html/Calabozo/Yiiframework/framework/web/CWebApplication.php(282): CController->run('comprar.html')
#2 /var/www/html/Calabozo/Yiiframework/framework/web/CWebApplication.php(141): CWebApplication->runController('saludo/comprar....')
#3 /var/www/html/Calabozo/Yiiframework/framework/base/CApplication.php(184): CWebApplication->processRequest()
#4 /var/www/html/Calabozo/calabozo/index.php(19): CApplication->run()
#5 {main}
REQUEST_URI=/Calabozo/calabozo/index.php/saludo/comprar.html
HTTP_REFERER=http://localhost/Calabozo/calabozo/index.php/saludo/index
---
2015/03/15 14:55:16 [error] [exception.CHttpException.404] exception 'CHttpException' with message 'The system is unable to find the requested action "index.html".' in /var/www/html/Calabozo/Yiiframework/framework/web/CController.php:483
Stack trace:
#0 /var/www/html/Calabozo/Yiiframework/framework/web/CController.php(270): CController->missingAction('index.html')
#1 /var/www/html/Calabozo/Yiiframework/framework/web/CWebApplication.php(282): CController->run('index.html')
#2 /var/www/html/Calabozo/Yiiframework/framework/web/CWebApplication.php(141): CWebApplication->runController('login/index.htm...')
#3 /var/www/html/Calabozo/Yiiframework/framework/base/CApplication.php(184): CWebApplication->processRequest()
#4 /var/www/html/Calabozo/calabozo/index.php(19): CApplication->run()
#5 {main}
REQUEST_URI=/Calabozo/calabozo/index.php/login/index.html
HTTP_REFERER=http://localhost/Calabozo/calabozo/index.php/login/index
---
2015/03/15 14:55:27 [error] [exception.CHttpException.404] exception 'CHttpException' with message 'The system is unable to find the requested action "index.html".' in /var/www/html/Calabozo/Yiiframework/framework/web/CController.php:483
Stack trace:
#0 /var/www/html/Calabozo/Yiiframework/framework/web/CController.php(270): CController->missingAction('index.html')
#1 /var/www/html/Calabozo/Yiiframework/framework/web/CWebApplication.php(282): CController->run('index.html')
#2 /var/www/html/Calabozo/Yiiframework/framework/web/CWebApplication.php(141): CWebApplication->runController('login/index.htm...')
#3 /var/www/html/Calabozo/Yiiframework/framework/base/CApplication.php(184): CWebApplication->processRequest()
#4 /var/www/html/Calabozo/calabozo/index.php(19): CApplication->run()
#5 {main}
REQUEST_URI=/Calabozo/calabozo/index.php/login/index.html
HTTP_REFERER=http://localhost/Calabozo/calabozo/index.php/login/index
---
2015/03/15 15:11:28 [error] [php] Missing argument 3 for CActiveForm::dropDownList(), called in /var/www/html/Calabozo/calabozo/protected/views/producto/_form.php on line 36 and defined (/var/www/html/Calabozo/Yiiframework/framework/web/widgets/CActiveForm.php:912)
Stack trace:
#0 /var/www/html/Calabozo/Yiiframework/framework/web/CBaseController.php(95): ProductoController->renderInternal()
#1 /var/www/html/Calabozo/Yiiframework/framework/web/CController.php(869): ProductoController->renderFile()
#2 /var/www/html/Calabozo/calabozo/protected/views/producto/create.php(18): ProductoController->renderPartial()
#3 /var/www/html/Calabozo/Yiiframework/framework/web/CBaseController.php(126): require()
#4 /var/www/html/Calabozo/Yiiframework/framework/web/CBaseController.php(95): ProductoController->renderInternal()
#5 /var/www/html/Calabozo/Yiiframework/framework/web/CController.php(869): ProductoController->renderFile()
#6 /var/www/html/Calabozo/Yiiframework/framework/web/CController.php(782): ProductoController->renderPartial()
#7 /var/www/html/Calabozo/calabozo/protected/controllers/ProductoController.php(79): ProductoController->render()
#8 /var/www/html/Calabozo/Yiiframework/framework/web/actions/CInlineAction.php(49): ProductoController->actionCreate()
#9 /var/www/html/Calabozo/Yiiframework/framework/web/CController.php(308): CInlineAction->runWithParams()
#10 /var/www/html/Calabozo/Yiiframework/framework/web/filters/CFilterChain.php(133): ProductoController->runAction()
#11 /var/www/html/Calabozo/Yiiframework/framework/web/filters/CFilter.php(40): CFilterChain->run()
#12 /var/www/html/Calabozo/Yiiframework/framework/web/CController.php(1145): CAccessControlFilter->filter()
#13 /var/www/html/Calabozo/Yiiframework/framework/web/filters/CInlineFilter.php(58): ProductoController->filterAccessControl()
#14 /var/www/html/Calabozo/Yiiframework/framework/web/filters/CFilterChain.php(130): CInlineFilter->filter()
#15 /var/www/html/Calabozo/Yiiframework/framework/web/CController.php(291): CFilterChain->run()
#16 /var/www/html/Calabozo/Yiiframework/framework/web/CController.php(265): ProductoController->runActionWithFilters()
#17 /var/www/html/Calabozo/Yiiframework/framework/web/CWebApplication.php(282): ProductoController->run()
#18 /var/www/html/Calabozo/Yiiframework/framework/web/CWebApplication.php(141): CWebApplication->runController()
#19 /var/www/html/Calabozo/Yiiframework/framework/base/CApplication.php(184): CWebApplication->processRequest()
#20 /var/www/html/Calabozo/calabozo/index.php(19): CWebApplication->run()
REQUEST_URI=/Calabozo/calabozo/index.php/producto/create
in /var/www/html/Calabozo/calabozo/protected/views/producto/_form.php (36)
in /var/www/html/Calabozo/calabozo/protected/views/producto/create.php (18)
in /var/www/html/Calabozo/calabozo/protected/controllers/ProductoController.php (79)
2015/03/15 15:31:36 [error] [exception.CException] exception 'CException' with message 'Property "Producto.start_date" is not defined.' in /var/www/html/Calabozo/Yiiframework/framework/base/CComponent.php:130
Stack trace:
#0 /var/www/html/Calabozo/Yiiframework/framework/db/ar/CActiveRecord.php(145): CComponent->__get('start_date')
#1 /var/www/html/Calabozo/Yiiframework/framework/web/helpers/CHtml.php(2729): CActiveRecord->__get('start_date')
#2 /var/www/html/Calabozo/Yiiframework/framework/web/helpers/CHtml.php(2452): CHtml::resolveValue(Object(Producto), 'start_date')
#3 /var/www/html/Calabozo/Yiiframework/framework/web/helpers/CHtml.php(1534): CHtml::activeInputField('text', Object(Producto), 'start_date', Array)
#4 /var/www/html/Calabozo/Yiiframework/framework/zii/widgets/jui/CJuiDatePicker.php(84): CHtml::activeTextField(Object(Producto), 'start_date', Array)
#5 /var/www/html/Calabozo/Yiiframework/framework/web/CBaseController.php(181): CJuiDatePicker->run()
#6 /var/www/html/Calabozo/calabozo/protected/views/producto/_form.php(66): CBaseController->widget('zii.widgets.jui...', Array)
#7 /var/www/html/Calabozo/Yiiframework/framework/web/CBaseController.php(126): require('/var/www/html/C...')
#8 /var/www/html/Calabozo/Yiiframework/framework/web/CBaseController.php(95): CBaseController->renderInternal('/var/www/html/C...', Array, true)
#9 /var/www/html/Calabozo/Yiiframework/framework/web/CController.php(869): CBaseController->renderFile('/var/www/html/C...', Array, true)
#10 /var/www/html/Calabozo/calabozo/protected/views/producto/create.php(18): CController->renderPartial('_form', Array)
#11 /var/www/html/Calabozo/Yiiframework/framework/web/CBaseController.php(126): require('/var/www/html/C...')
#12 /var/www/html/Calabozo/Yiiframework/framework/web/CBaseController.php(95): CBaseController->renderInternal('/var/www/html/C...', Array, true)
#13 /var/www/html/Calabozo/Yiiframework/framework/web/CController.php(869): CBaseController->renderFile('/var/www/html/C...', Array, true)
#14 /var/www/html/Calabozo/Yiiframework/framework/web/CController.php(782): CController->renderPartial('create', Array, true)
#15 /var/www/html/Calabozo/calabozo/protected/controllers/ProductoController.php(79): CController->render('create', Array)
#16 /var/www/html/Calabozo/Yiiframework/framework/web/actions/CInlineAction.php(49): ProductoController->actionCreate()
#17 /var/www/html/Calabozo/Yiiframework/framework/web/CController.php(308): CInlineAction->runWithParams(Array)
#18 /var/www/html/Calabozo/Yiiframework/framework/web/filters/CFilterChain.php(133): CController->runAction(Object(CInlineAction))
#19 /var/www/html/Calabozo/Yiiframework/framework/web/filters/CFilter.php(40): CFilterChain->run()
#20 /var/www/html/Calabozo/Yiiframework/framework/web/CController.php(1145): CFilter->filter(Object(CFilterChain))
#21 /var/www/html/Calabozo/Yiiframework/framework/web/filters/CInlineFilter.php(58): CController->filterAccessControl(Object(CFilterChain))
#22 /var/www/html/Calabozo/Yiiframework/framework/web/filters/CFilterChain.php(130): CInlineFilter->filter(Object(CFilterChain))
#23 /var/www/html/Calabozo/Yiiframework/framework/web/CController.php(291): CFilterChain->run()
#24 /var/www/html/Calabozo/Yiiframework/framework/web/CController.php(265): CController->runActionWithFilters(Object(CInlineAction), Array)
#25 /var/www/html/Calabozo/Yiiframework/framework/web/CWebApplication.php(282): CController->run('create')
#26 /var/www/html/Calabozo/Yiiframework/framework/web/CWebApplication.php(141): CWebApplication->runController('producto/create')
#27 /var/www/html/Calabozo/Yiiframework/framework/base/CApplication.php(184): CWebApplication->processRequest()
#28 /var/www/html/Calabozo/calabozo/index.php(19): CApplication->run()
#29 {main}
REQUEST_URI=/Calabozo/calabozo/index.php/producto/create
---
2015/03/15 15:32:47 [error] [exception.CException] exception 'CException' with message 'Property "Producto.start_date" is not defined.' in /var/www/html/Calabozo/Yiiframework/framework/base/CComponent.php:130
Stack trace:
#0 /var/www/html/Calabozo/Yiiframework/framework/db/ar/CActiveRecord.php(145): CComponent->__get('start_date')
#1 /var/www/html/Calabozo/Yiiframework/framework/web/helpers/CHtml.php(2729): CActiveRecord->__get('start_date')
#2 /var/www/html/Calabozo/Yiiframework/framework/web/helpers/CHtml.php(2452): CHtml::resolveValue(Object(Producto), 'start_date')
#3 /var/www/html/Calabozo/Yiiframework/framework/web/helpers/CHtml.php(1534): CHtml::activeInputField('text', Object(Producto), 'start_date', Array)
#4 /var/www/html/Calabozo/Yiiframework/framework/zii/widgets/jui/CJuiDatePicker.php(84): CHtml::activeTextField(Object(Producto), 'start_date', Array)
#5 /var/www/html/Calabozo/Yiiframework/framework/web/CBaseController.php(181): CJuiDatePicker->run()
#6 /var/www/html/Calabozo/calabozo/protected/views/producto/_form.php(66): CBaseController->widget('zii.widgets.jui...', Array)
#7 /var/www/html/Calabozo/Yiiframework/framework/web/CBaseController.php(126): require('/var/www/html/C...')
#8 /var/www/html/Calabozo/Yiiframework/framework/web/CBaseController.php(95): CBaseController->renderInternal('/var/www/html/C...', Array, true)
#9 /var/www/html/Calabozo/Yiiframework/framework/web/CController.php(869): CBaseController->renderFile('/var/www/html/C...', Array, true)
#10 /var/www/html/Calabozo/calabozo/protected/views/producto/create.php(18): CController->renderPartial('_form', Array)
#11 /var/www/html/Calabozo/Yiiframework/framework/web/CBaseController.php(126): require('/var/www/html/C...')
#12 /var/www/html/Calabozo/Yiiframework/framework/web/CBaseController.php(95): CBaseController->renderInternal('/var/www/html/C...', Array, true)
#13 /var/www/html/Calabozo/Yiiframework/framework/web/CController.php(869): CBaseController->renderFile('/var/www/html/C...', Array, true)
#14 /var/www/html/Calabozo/Yiiframework/framework/web/CController.php(782): CController->renderPartial('create', Array, true)
#15 /var/www/html/Calabozo/calabozo/protected/controllers/ProductoController.php(79): CController->render('create', Array)
#16 /var/www/html/Calabozo/Yiiframework/framework/web/actions/CInlineAction.php(49): ProductoController->actionCreate()
#17 /var/www/html/Calabozo/Yiiframework/framework/web/CController.php(308): CInlineAction->runWithParams(Array)
#18 /var/www/html/Calabozo/Yiiframework/framework/web/filters/CFilterChain.php(133): CController->runAction(Object(CInlineAction))
#19 /var/www/html/Calabozo/Yiiframework/framework/web/filters/CFilter.php(40): CFilterChain->run()
#20 /var/www/html/Calabozo/Yiiframework/framework/web/CController.php(1145): CFilter->filter(Object(CFilterChain))
#21 /var/www/html/Calabozo/Yiiframework/framework/web/filters/CInlineFilter.php(58): CController->filterAccessControl(Object(CFilterChain))
#22 /var/www/html/Calabozo/Yiiframework/framework/web/filters/CFilterChain.php(130): CInlineFilter->filter(Object(CFilterChain))
#23 /var/www/html/Calabozo/Yiiframework/framework/web/CController.php(291): CFilterChain->run()
#24 /var/www/html/Calabozo/Yiiframework/framework/web/CController.php(265): CController->runActionWithFilters(Object(CInlineAction), Array)
#25 /var/www/html/Calabozo/Yiiframework/framework/web/CWebApplication.php(282): CController->run('create')
#26 /var/www/html/Calabozo/Yiiframework/framework/web/CWebApplication.php(141): CWebApplication->runController('producto/create')
#27 /var/www/html/Calabozo/Yiiframework/framework/base/CApplication.php(184): CWebApplication->processRequest()
#28 /var/www/html/Calabozo/calabozo/index.php(19): CApplication->run()
#29 {main}
REQUEST_URI=/Calabozo/calabozo/index.php/producto/create
---
2015/03/15 15:46:54 [error] [exception.CException] exception 'CException' with message 'Property "Producto.start_date" is not defined.' in /var/www/html/Calabozo/Yiiframework/framework/base/CComponent.php:130
Stack trace:
#0 /var/www/html/Calabozo/Yiiframework/framework/db/ar/CActiveRecord.php(145): CComponent->__get('start_date')
#1 /var/www/html/Calabozo/Yiiframework/framework/web/helpers/CHtml.php(2729): CActiveRecord->__get('start_date')
#2 /var/www/html/Calabozo/Yiiframework/framework/web/helpers/CHtml.php(2452): CHtml::resolveValue(Object(Producto), 'start_date')
#3 /var/www/html/Calabozo/Yiiframework/framework/web/helpers/CHtml.php(1534): CHtml::activeInputField('text', Object(Producto), 'start_date', Array)
#4 /var/www/html/Calabozo/Yiiframework/framework/zii/widgets/jui/CJuiDatePicker.php(84): CHtml::activeTextField(Object(Producto), 'start_date', Array)
#5 /var/www/html/Calabozo/Yiiframework/framework/web/CBaseController.php(181): CJuiDatePicker->run()
#6 /var/www/html/Calabozo/calabozo/protected/views/producto/_form.php(66): CBaseController->widget('zii.widgets.jui...', Array)
#7 /var/www/html/Calabozo/Yiiframework/framework/web/CBaseController.php(126): require('/var/www/html/C...')
#8 /var/www/html/Calabozo/Yiiframework/framework/web/CBaseController.php(95): CBaseController->renderInternal('/var/www/html/C...', Array, true)
#9 /var/www/html/Calabozo/Yiiframework/framework/web/CController.php(869): CBaseController->renderFile('/var/www/html/C...', Array, true)
#10 /var/www/html/Calabozo/calabozo/protected/views/producto/create.php(18): CController->renderPartial('_form', Array)
#11 /var/www/html/Calabozo/Yiiframework/framework/web/CBaseController.php(126): require('/var/www/html/C...')
#12 /var/www/html/Calabozo/Yiiframework/framework/web/CBaseController.php(95): CBaseController->renderInternal('/var/www/html/C...', Array, true)
#13 /var/www/html/Calabozo/Yiiframework/framework/web/CController.php(869): CBaseController->renderFile('/var/www/html/C...', Array, true)
#14 /var/www/html/Calabozo/Yiiframework/framework/web/CController.php(782): CController->renderPartial('create', Array, true)
#15 /var/www/html/Calabozo/calabozo/protected/controllers/ProductoController.php(79): CController->render('create', Array)
#16 /var/www/html/Calabozo/Yiiframework/framework/web/actions/CInlineAction.php(49): ProductoController->actionCreate()
#17 /var/www/html/Calabozo/Yiiframework/framework/web/CController.php(308): CInlineAction->runWithParams(Array)
#18 /var/www/html/Calabozo/Yiiframework/framework/web/filters/CFilterChain.php(133): CController->runAction(Object(CInlineAction))
#19 /var/www/html/Calabozo/Yiiframework/framework/web/filters/CFilter.php(40): CFilterChain->run()
#20 /var/www/html/Calabozo/Yiiframework/framework/web/CController.php(1145): CFilter->filter(Object(CFilterChain))
#21 /var/www/html/Calabozo/Yiiframework/framework/web/filters/CInlineFilter.php(58): CController->filterAccessControl(Object(CFilterChain))
#22 /var/www/html/Calabozo/Yiiframework/framework/web/filters/CFilterChain.php(130): CInlineFilter->filter(Object(CFilterChain))
#23 /var/www/html/Calabozo/Yiiframework/framework/web/CController.php(291): CFilterChain->run()
#24 /var/www/html/Calabozo/Yiiframework/framework/web/CController.php(265): CController->runActionWithFilters(Object(CInlineAction), Array)
#25 /var/www/html/Calabozo/Yiiframework/framework/web/CWebApplication.php(282): CController->run('create')
#26 /var/www/html/Calabozo/Yiiframework/framework/web/CWebApplication.php(141): CWebApplication->runController('producto/create')
#27 /var/www/html/Calabozo/Yiiframework/framework/base/CApplication.php(184): CWebApplication->processRequest()
#28 /var/www/html/Calabozo/calabozo/index.php(19): CApplication->run()
#29 {main}
REQUEST_URI=/Calabozo/calabozo/index.php/producto/create
---
